Traceback (most recent call last):
  File "/opt/anaconda3/envs/jupyter_book_ml/lib/python3.9/site-packages/jupyter_cache/executors/utils.py", line 58, in single_nb_execution
    executenb(
  File "/opt/anaconda3/envs/jupyter_book_ml/lib/python3.9/site-packages/nbclient/client.py", line 1305, in execute
    return NotebookClient(nb=nb, resources=resources, km=km, **kwargs).execute()
  File "/opt/anaconda3/envs/jupyter_book_ml/lib/python3.9/site-packages/jupyter_core/utils/__init__.py", line 165, in wrapped
    return loop.run_until_complete(inner)
  File "/opt/anaconda3/envs/jupyter_book_ml/lib/python3.9/asyncio/base_events.py", line 647, in run_until_complete
    return future.result()
  File "/opt/anaconda3/envs/jupyter_book_ml/lib/python3.9/site-packages/nbclient/client.py", line 705, in async_execute
    await self.async_execute_cell(
  File "/opt/anaconda3/envs/jupyter_book_ml/lib/python3.9/site-packages/nbclient/client.py", line 1058, in async_execute_cell
    await self._check_raise_for_error(cell, cell_index, exec_reply)
  File "/opt/anaconda3/envs/jupyter_book_ml/lib/python3.9/site-packages/nbclient/client.py", line 914, in _check_raise_for_error
    raise CellExecutionError.from_cell_and_msg(cell, exec_reply_content)
nbclient.exceptions.CellExecutionError: An error occurred while executing the following cell:
------------------
## Lade notwendige Bibliotheken herunter und installiere sie

## import sys
## !{sys.executable} -m pip install numpy matplotlib pandas seaborn matplotlib scipy datetime 

## Lade notwendige netCDF und geodaten-Bibliotheken herunter

## import sys
## !{sys.executable} -m pip install netCDF4 h5netcdf xarray wget geopandas rioxarray 


## Bibliotheken laden
import pandas as pd
import numpy as np
import matplotlib.pyplot as plt
import seaborn as sns
import netCDF4, h5netcdf
import xarray as xr
import os, sys
import geopandas as gpd
import rioxarray
import wget 
import glob
import math

from scipy.io import netcdf
from sklearn.tree import DecisionTreeClassifier #Importiere Entscheidungsbaum-Klassifizierer
from sklearn.model_selection import train_test_split #Importiere Trainings-Test-Split Funktion
from sklearn import metrics #Importiere scikit-learn Metrikenmodul, um die Modellgüte auszuwerten
from sklearn import tree 
from datetime import datetime
from io import StringIO
from sklearn.ensemble import RandomForestRegressor
from sklearn.ensemble import RandomForestClassifier
from sklearn.metrics import mean_squared_error
from sklearn.metrics import accuracy_score
from math import sqrt
from sklearn.model_selection import cross_val_score
------------------


[0;31m---------------------------------------------------------------------------[0m
[0;31mModuleNotFoundError[0m                       Traceback (most recent call last)
Cell [0;32mIn[1], line 17[0m
[1;32m     15[0m [38;5;28;01mimport[39;00m [38;5;21;01mmatplotlib[39;00m[38;5;21;01m.[39;00m[38;5;21;01mpyplot[39;00m [38;5;28;01mas[39;00m [38;5;21;01mplt[39;00m
[1;32m     16[0m [38;5;28;01mimport[39;00m [38;5;21;01mseaborn[39;00m [38;5;28;01mas[39;00m [38;5;21;01msns[39;00m
[0;32m---> 17[0m [38;5;28;01mimport[39;00m [38;5;21;01mnetCDF4[39;00m[38;5;241m,[39m [38;5;21;01mh5netcdf[39;00m
[1;32m     18[0m [38;5;28;01mimport[39;00m [38;5;21;01mxarray[39;00m [38;5;28;01mas[39;00m [38;5;21;01mxr[39;00m
[1;32m     19[0m [38;5;28;01mimport[39;00m [38;5;21;01mos[39;00m[38;5;241m,[39m [38;5;21;01msys[39;00m

[0;31mModuleNotFoundError[0m: No module named 'netCDF4'

